\BOOKMARK [0][-]{chapter.1}{\376\377\0001\000\040\000D\000i\000r\000e\000c\000t\000o\000r\000y\000\040\000H\000i\000e\000r\000a\000r\000c\000h\000y}{}% 1
\BOOKMARK [1][-]{section.1.1}{\376\377\0001\000.\0001\000\040\000D\000i\000r\000e\000c\000t\000o\000r\000i\000e\000s}{chapter.1}% 2
\BOOKMARK [0][-]{chapter.2}{\376\377\0002\000\040\000N\000a\000m\000e\000s\000p\000a\000c\000e\000\040\000I\000n\000d\000e\000x}{}% 3
\BOOKMARK [1][-]{section.2.1}{\376\377\0002\000.\0001\000\040\000N\000a\000m\000e\000s\000p\000a\000c\000e\000\040\000L\000i\000s\000t}{chapter.2}% 4
\BOOKMARK [0][-]{chapter.3}{\376\377\0003\000\040\000H\000i\000e\000r\000a\000r\000c\000h\000i\000c\000a\000l\000\040\000I\000n\000d\000e\000x}{}% 5
\BOOKMARK [1][-]{section.3.1}{\376\377\0003\000.\0001\000\040\000C\000l\000a\000s\000s\000\040\000H\000i\000e\000r\000a\000r\000c\000h\000y}{chapter.3}% 6
\BOOKMARK [0][-]{chapter.4}{\376\377\0004\000\040\000D\000a\000t\000a\000\040\000S\000t\000r\000u\000c\000t\000u\000r\000e\000\040\000I\000n\000d\000e\000x}{}% 7
\BOOKMARK [1][-]{section.4.1}{\376\377\0004\000.\0001\000\040\000D\000a\000t\000a\000\040\000S\000t\000r\000u\000c\000t\000u\000r\000e\000s}{chapter.4}% 8
\BOOKMARK [0][-]{chapter.5}{\376\377\0005\000\040\000F\000i\000l\000e\000\040\000I\000n\000d\000e\000x}{}% 9
\BOOKMARK [1][-]{section.5.1}{\376\377\0005\000.\0001\000\040\000F\000i\000l\000e\000\040\000L\000i\000s\000t}{chapter.5}% 10
\BOOKMARK [0][-]{chapter.6}{\376\377\0006\000\040\000D\000i\000r\000e\000c\000t\000o\000r\000y\000\040\000D\000o\000c\000u\000m\000e\000n\000t\000a\000t\000i\000o\000n}{}% 11
\BOOKMARK [1][-]{section.6.1}{\376\377\0006\000.\0001\000\040\000i\000n\000c\000/\000E\000G\000L\000\040\000D\000i\000r\000e\000c\000t\000o\000r\000y\000\040\000R\000e\000f\000e\000r\000e\000n\000c\000e}{chapter.6}% 12
\BOOKMARK [1][-]{section.6.2}{\376\377\0006\000.\0002\000\040\000i\000n\000c\000\040\000D\000i\000r\000e\000c\000t\000o\000r\000y\000\040\000R\000e\000f\000e\000r\000e\000n\000c\000e}{chapter.6}% 13
\BOOKMARK [0][-]{chapter.7}{\376\377\0007\000\040\000N\000a\000m\000e\000s\000p\000a\000c\000e\000\040\000D\000o\000c\000u\000m\000e\000n\000t\000a\000t\000i\000o\000n}{}% 14
\BOOKMARK [1][-]{section.7.1}{\376\377\0007\000.\0001\000\040\000e\000g\000l\000\040\000N\000a\000m\000e\000s\000p\000a\000c\000e\000\040\000R\000e\000f\000e\000r\000e\000n\000c\000e}{chapter.7}% 15
\BOOKMARK [2][-]{subsection.7.1.1}{\376\377\0007\000.\0001\000.\0001\000\040\000E\000n\000u\000m\000e\000r\000a\000t\000i\000o\000n\000\040\000T\000y\000p\000e\000\040\000D\000o\000c\000u\000m\000e\000n\000t\000a\000t\000i\000o\000n}{section.7.1}% 16
\BOOKMARK [3][-]{subsubsection.7.1.1.1}{\376\377\0007\000.\0001\000.\0001\000.\0001\000\040\000B\000u\000f\000f\000e\000r\000F\000l\000a\000g}{subsection.7.1.1}% 17
\BOOKMARK [3][-]{subsubsection.7.1.1.2}{\376\377\0007\000.\0001\000.\0001\000.\0002\000\040\000B\000u\000f\000f\000e\000r\000T\000y\000p\000e}{subsection.7.1.1}% 18
\BOOKMARK [3][-]{subsubsection.7.1.1.3}{\376\377\0007\000.\0001\000.\0001\000.\0003\000\040\000B\000u\000f\000f\000e\000r\000U\000s\000a\000g\000e}{subsection.7.1.1}% 19
\BOOKMARK [3][-]{subsubsection.7.1.1.4}{\376\377\0007\000.\0001\000.\0001\000.\0004\000\040\000M\000a\000p\000U\000s\000a\000g\000e}{subsection.7.1.1}% 20
\BOOKMARK [3][-]{subsubsection.7.1.1.5}{\376\377\0007\000.\0001\000.\0001\000.\0005\000\040\000S\000h\000a\000d\000e\000r\000T\000y\000p\000e}{subsection.7.1.1}% 21
\BOOKMARK [2][-]{subsection.7.1.2}{\376\377\0007\000.\0001\000.\0002\000\040\000F\000u\000n\000c\000t\000i\000o\000n\000\040\000D\000o\000c\000u\000m\000e\000n\000t\000a\000t\000i\000o\000n}{section.7.1}% 22
\BOOKMARK [3][-]{subsubsection.7.1.2.1}{\376\377\0007\000.\0001\000.\0002\000.\0001\000\040\000g\000l\000C\000h\000e\000c\000k\000E\000r\000r\000o\000r\000\050\000\051}{subsection.7.1.2}% 23
\BOOKMARK [3][-]{subsubsection.7.1.2.2}{\376\377\0007\000.\0001\000.\0002\000.\0002\000\040\000g\000l\000E\000r\000r\000o\000r\000S\000t\000r\000i\000n\000g\000\050\000\051}{subsection.7.1.2}% 24
\BOOKMARK [3][-]{subsubsection.7.1.2.3}{\376\377\0007\000.\0001\000.\0002\000.\0003\000\040\000o\000p\000e\000r\000a\000t\000o\000r\000\046\000\050\000\051\000\040\000[\0001\000/\0002\000]}{subsection.7.1.2}% 25
\BOOKMARK [3][-]{subsubsection.7.1.2.4}{\376\377\0007\000.\0001\000.\0002\000.\0004\000\040\000o\000p\000e\000r\000a\000t\000o\000r\000\046\000\050\000\051\000\040\000[\0002\000/\0002\000]}{subsection.7.1.2}% 26
\BOOKMARK [3][-]{subsubsection.7.1.2.5}{\376\377\0007\000.\0001\000.\0002\000.\0005\000\040\000o\000p\000e\000r\000a\000t\000o\000r\000|\000\050\000\051\000\040\000[\0001\000/\0002\000]}{subsection.7.1.2}% 27
\BOOKMARK [3][-]{subsubsection.7.1.2.6}{\376\377\0007\000.\0001\000.\0002\000.\0006\000\040\000o\000p\000e\000r\000a\000t\000o\000r\000|\000\050\000\051\000\040\000[\0002\000/\0002\000]}{subsection.7.1.2}% 28
\BOOKMARK [3][-]{subsubsection.7.1.2.7}{\376\377\0007\000.\0001\000.\0002\000.\0007\000\040\000o\000p\000e\000r\000a\000t\000o\000r\000|\000=\000\050\000\051\000\040\000[\0001\000/\0002\000]}{subsection.7.1.2}% 29
\BOOKMARK [3][-]{subsubsection.7.1.2.8}{\376\377\0007\000.\0001\000.\0002\000.\0008\000\040\000o\000p\000e\000r\000a\000t\000o\000r\000|\000=\000\050\000\051\000\040\000[\0002\000/\0002\000]}{subsection.7.1.2}% 30
\BOOKMARK [3][-]{subsubsection.7.1.2.9}{\376\377\0007\000.\0001\000.\0002\000.\0009\000\040\000s\000h\000a\000d\000e\000r\000T\000y\000p\000e\000T\000o\000S\000t\000r\000i\000n\000g\000\050\000\051}{subsection.7.1.2}% 31
\BOOKMARK [3][-]{subsubsection.7.1.2.10}{\376\377\0007\000.\0001\000.\0002\000.\0001\0000\000\040\000t\000o\000G\000L\000e\000n\000u\000m\000\050\000\051\000\040\000[\0001\000/\0005\000]}{subsection.7.1.2}% 32
\BOOKMARK [3][-]{subsubsection.7.1.2.11}{\376\377\0007\000.\0001\000.\0002\000.\0001\0001\000\040\000t\000o\000G\000L\000e\000n\000u\000m\000\050\000\051\000\040\000[\0002\000/\0005\000]}{subsection.7.1.2}% 33
\BOOKMARK [3][-]{subsubsection.7.1.2.12}{\376\377\0007\000.\0001\000.\0002\000.\0001\0002\000\040\000t\000o\000G\000L\000e\000n\000u\000m\000\050\000\051\000\040\000[\0003\000/\0005\000]}{subsection.7.1.2}% 34
\BOOKMARK [3][-]{subsubsection.7.1.2.13}{\376\377\0007\000.\0001\000.\0002\000.\0001\0003\000\040\000t\000o\000G\000L\000e\000n\000u\000m\000\050\000\051\000\040\000[\0004\000/\0005\000]}{subsection.7.1.2}% 35
\BOOKMARK [3][-]{subsubsection.7.1.2.14}{\376\377\0007\000.\0001\000.\0002\000.\0001\0004\000\040\000t\000o\000G\000L\000e\000n\000u\000m\000\050\000\051\000\040\000[\0005\000/\0005\000]}{subsection.7.1.2}% 36
\BOOKMARK [3][-]{subsubsection.7.1.2.15}{\376\377\0007\000.\0001\000.\0002\000.\0001\0005\000\040\000v\000a\000l\000i\000d\000a\000t\000e\000B\000u\000f\000f\000e\000r\000F\000l\000a\000g\000\050\000\051}{subsection.7.1.2}% 37
\BOOKMARK [3][-]{subsubsection.7.1.2.16}{\376\377\0007\000.\0001\000.\0002\000.\0001\0006\000\040\000v\000a\000l\000i\000d\000a\000t\000e\000M\000a\000p\000U\000s\000a\000g\000e\000\050\000\051}{subsection.7.1.2}% 38
\BOOKMARK [0][-]{chapter.8}{\376\377\0008\000\040\000D\000a\000t\000a\000\040\000S\000t\000r\000u\000c\000t\000u\000r\000e\000\040\000D\000o\000c\000u\000m\000e\000n\000t\000a\000t\000i\000o\000n}{}% 39
\BOOKMARK [1][-]{section.8.1}{\376\377\0008\000.\0001\000\040\000e\000g\000l\000:\000:\000B\000u\000f\000f\000e\000r\000\040\000C\000l\000a\000s\000s\000\040\000R\000e\000f\000e\000r\000e\000n\000c\000e}{chapter.8}% 40
\BOOKMARK [2][-]{subsection.8.1.1}{\376\377\0008\000.\0001\000.\0001\000\040\000C\000o\000n\000s\000t\000r\000u\000c\000t\000o\000r\000\040\000\046\000\040\000D\000e\000s\000t\000r\000u\000c\000t\000o\000r\000\040\000D\000o\000c\000u\000m\000e\000n\000t\000a\000t\000i\000o\000n}{section.8.1}% 41
\BOOKMARK [3][-]{subsubsection.8.1.1.1}{\376\377\0008\000.\0001\000.\0001\000.\0001\000\040\000B\000u\000f\000f\000e\000r\000\050\000\051\000\040\000[\0001\000/\0004\000]}{subsection.8.1.1}% 42
\BOOKMARK [3][-]{subsubsection.8.1.1.2}{\376\377\0008\000.\0001\000.\0001\000.\0002\000\040\000B\000u\000f\000f\000e\000r\000\050\000\051\000\040\000[\0002\000/\0004\000]}{subsection.8.1.1}% 43
\BOOKMARK [3][-]{subsubsection.8.1.1.3}{\376\377\0008\000.\0001\000.\0001\000.\0003\000\040\000B\000u\000f\000f\000e\000r\000\050\000\051\000\040\000[\0003\000/\0004\000]}{subsection.8.1.1}% 44
\BOOKMARK [3][-]{subsubsection.8.1.1.4}{\376\377\0008\000.\0001\000.\0001\000.\0004\000\040\000B\000u\000f\000f\000e\000r\000\050\000\051\000\040\000[\0004\000/\0004\000]}{subsection.8.1.1}% 45
\BOOKMARK [3][-]{subsubsection.8.1.1.5}{\376\377\0008\000.\0001\000.\0001\000.\0005\000\040\000~\000B\000u\000f\000f\000e\000r\000\050\000\051}{subsection.8.1.1}% 46
\BOOKMARK [2][-]{subsection.8.1.2}{\376\377\0008\000.\0001\000.\0002\000\040\000M\000e\000m\000b\000e\000r\000\040\000F\000u\000n\000c\000t\000i\000o\000n\000\040\000D\000o\000c\000u\000m\000e\000n\000t\000a\000t\000i\000o\000n}{section.8.1}% 47
\BOOKMARK [3][-]{subsubsection.8.1.2.1}{\376\377\0008\000.\0001\000.\0002\000.\0001\000\040\000\137\000c\000h\000e\000c\000k\000\050\000\051}{subsection.8.1.2}% 48
\BOOKMARK [3][-]{subsubsection.8.1.2.2}{\376\377\0008\000.\0001\000.\0002\000.\0002\000\040\000\137\000d\000e\000l\000e\000t\000e\000\050\000\051}{subsection.8.1.2}% 49
\BOOKMARK [3][-]{subsubsection.8.1.2.3}{\376\377\0008\000.\0001\000.\0002\000.\0003\000\040\000b\000i\000n\000d\000\050\000\051}{subsection.8.1.2}% 50
\BOOKMARK [3][-]{subsubsection.8.1.2.4}{\376\377\0008\000.\0001\000.\0002\000.\0004\000\040\000g\000e\000t\000S\000u\000b\000D\000a\000t\000a\000\050\000\051}{subsection.8.1.2}% 51
\BOOKMARK [3][-]{subsubsection.8.1.2.5}{\376\377\0008\000.\0001\000.\0002\000.\0005\000\040\000g\000e\000t\000T\000y\000p\000e\000\050\000\051}{subsection.8.1.2}% 52
\BOOKMARK [3][-]{subsubsection.8.1.2.6}{\376\377\0008\000.\0001\000.\0002\000.\0006\000\040\000m\000a\000p\000\050\000\051}{subsection.8.1.2}% 53
\BOOKMARK [3][-]{subsubsection.8.1.2.7}{\376\377\0008\000.\0001\000.\0002\000.\0007\000\040\000o\000p\000e\000r\000a\000t\000o\000r\000=\000\050\000\051\000\040\000[\0001\000/\0002\000]}{subsection.8.1.2}% 54
\BOOKMARK [3][-]{subsubsection.8.1.2.8}{\376\377\0008\000.\0001\000.\0002\000.\0008\000\040\000o\000p\000e\000r\000a\000t\000o\000r\000=\000\050\000\051\000\040\000[\0002\000/\0002\000]}{subsection.8.1.2}% 55
\BOOKMARK [3][-]{subsubsection.8.1.2.9}{\376\377\0008\000.\0001\000.\0002\000.\0009\000\040\000s\000e\000t\000D\000a\000t\000a\000\050\000\051}{subsection.8.1.2}% 56
\BOOKMARK [3][-]{subsubsection.8.1.2.10}{\376\377\0008\000.\0001\000.\0002\000.\0001\0000\000\040\000s\000e\000t\000S\000t\000o\000r\000a\000g\000e\000\050\000\051}{subsection.8.1.2}% 57
\BOOKMARK [3][-]{subsubsection.8.1.2.11}{\376\377\0008\000.\0001\000.\0002\000.\0001\0001\000\040\000s\000e\000t\000S\000u\000b\000D\000a\000t\000a\000\050\000\051}{subsection.8.1.2}% 58
\BOOKMARK [3][-]{subsubsection.8.1.2.12}{\376\377\0008\000.\0001\000.\0002\000.\0001\0002\000\040\000s\000i\000z\000e\000\050\000\051}{subsection.8.1.2}% 59
\BOOKMARK [3][-]{subsubsection.8.1.2.13}{\376\377\0008\000.\0001\000.\0002\000.\0001\0003\000\040\000u\000n\000m\000a\000p\000\050\000\051}{subsection.8.1.2}% 60
\BOOKMARK [2][-]{subsection.8.1.3}{\376\377\0008\000.\0001\000.\0003\000\040\000F\000i\000e\000l\000d\000\040\000D\000o\000c\000u\000m\000e\000n\000t\000a\000t\000i\000o\000n}{section.8.1}% 61
\BOOKMARK [3][-]{subsubsection.8.1.3.1}{\376\377\0008\000.\0001\000.\0003\000.\0001\000\040\000\137\000f\000l\000a\000g\000s}{subsection.8.1.3}% 62
\BOOKMARK [3][-]{subsubsection.8.1.3.2}{\376\377\0008\000.\0001\000.\0003\000.\0002\000\040\000\137\000i\000d}{subsection.8.1.3}% 63
\BOOKMARK [3][-]{subsubsection.8.1.3.3}{\376\377\0008\000.\0001\000.\0003\000.\0003\000\040\000\137\000m\000a\000p\000p\000e\000d}{subsection.8.1.3}% 64
\BOOKMARK [3][-]{subsubsection.8.1.3.4}{\376\377\0008\000.\0001\000.\0003\000.\0004\000\040\000\137\000m\000a\000p\000U\000s\000a\000g\000e}{subsection.8.1.3}% 65
\BOOKMARK [3][-]{subsubsection.8.1.3.5}{\376\377\0008\000.\0001\000.\0003\000.\0005\000\040\000\137\000t\000y\000p\000e}{subsection.8.1.3}% 66
\BOOKMARK [1][-]{section.8.2}{\376\377\0008\000.\0002\000\040\000e\000g\000l\000:\000:\000P\000r\000o\000g\000r\000a\000m\000\040\000C\000l\000a\000s\000s\000\040\000R\000e\000f\000e\000r\000e\000n\000c\000e}{chapter.8}% 67
\BOOKMARK [2][-]{subsection.8.2.1}{\376\377\0008\000.\0002\000.\0001\000\040\000D\000e\000t\000a\000i\000l\000e\000d\000\040\000D\000e\000s\000c\000r\000i\000p\000t\000i\000o\000n}{section.8.2}% 68
\BOOKMARK [2][-]{subsection.8.2.2}{\376\377\0008\000.\0002\000.\0002\000\040\000C\000o\000n\000s\000t\000r\000u\000c\000t\000o\000r\000\040\000\046\000\040\000D\000e\000s\000t\000r\000u\000c\000t\000o\000r\000\040\000D\000o\000c\000u\000m\000e\000n\000t\000a\000t\000i\000o\000n}{section.8.2}% 69
\BOOKMARK [3][-]{subsubsection.8.2.2.1}{\376\377\0008\000.\0002\000.\0002\000.\0001\000\040\000P\000r\000o\000g\000r\000a\000m\000\050\000\051\000\040\000[\0001\000/\0003\000]}{subsection.8.2.2}% 70
\BOOKMARK [3][-]{subsubsection.8.2.2.2}{\376\377\0008\000.\0002\000.\0002\000.\0002\000\040\000P\000r\000o\000g\000r\000a\000m\000\050\000\051\000\040\000[\0002\000/\0003\000]}{subsection.8.2.2}% 71
\BOOKMARK [3][-]{subsubsection.8.2.2.3}{\376\377\0008\000.\0002\000.\0002\000.\0003\000\040\000P\000r\000o\000g\000r\000a\000m\000\050\000\051\000\040\000[\0003\000/\0003\000]}{subsection.8.2.2}% 72
\BOOKMARK [3][-]{subsubsection.8.2.2.4}{\376\377\0008\000.\0002\000.\0002\000.\0004\000\040\000~\000P\000r\000o\000g\000r\000a\000m\000\050\000\051}{subsection.8.2.2}% 73
\BOOKMARK [2][-]{subsection.8.2.3}{\376\377\0008\000.\0002\000.\0003\000\040\000M\000e\000m\000b\000e\000r\000\040\000F\000u\000n\000c\000t\000i\000o\000n\000\040\000D\000o\000c\000u\000m\000e\000n\000t\000a\000t\000i\000o\000n}{section.8.2}% 74
\BOOKMARK [3][-]{subsubsection.8.2.3.1}{\376\377\0008\000.\0002\000.\0003\000.\0001\000\040\000\137\000c\000h\000e\000c\000k\000\050\000\051}{subsection.8.2.3}% 75
\BOOKMARK [3][-]{subsubsection.8.2.3.2}{\376\377\0008\000.\0002\000.\0003\000.\0002\000\040\000\137\000d\000e\000l\000e\000t\000e\000\050\000\051}{subsection.8.2.3}% 76
\BOOKMARK [3][-]{subsubsection.8.2.3.3}{\376\377\0008\000.\0002\000.\0003\000.\0003\000\040\000\137\000e\000n\000s\000u\000r\000e\000\050\000\051}{subsection.8.2.3}% 77
\BOOKMARK [3][-]{subsubsection.8.2.3.4}{\376\377\0008\000.\0002\000.\0003\000.\0004\000\040\000\137\000g\000e\000t\000E\000r\000r\000o\000r\000\050\000\051}{subsection.8.2.3}% 78
\BOOKMARK [3][-]{subsubsection.8.2.3.5}{\376\377\0008\000.\0002\000.\0003\000.\0005\000\040\000a\000t\000t\000a\000c\000h\000\050\000\051}{subsection.8.2.3}% 79
\BOOKMARK [3][-]{subsubsection.8.2.3.6}{\376\377\0008\000.\0002\000.\0003\000.\0006\000\040\000a\000t\000t\000a\000c\000h\000e\000d\000\050\000\051}{subsection.8.2.3}% 80
\BOOKMARK [3][-]{subsubsection.8.2.3.7}{\376\377\0008\000.\0002\000.\0003\000.\0007\000\040\000b\000i\000n\000d\000\050\000\051}{subsection.8.2.3}% 81
\BOOKMARK [3][-]{subsubsection.8.2.3.8}{\376\377\0008\000.\0002\000.\0003\000.\0008\000\040\000d\000e\000t\000a\000c\000h\000\050\000\051}{subsection.8.2.3}% 82
\BOOKMARK [3][-]{subsubsection.8.2.3.9}{\376\377\0008\000.\0002\000.\0003\000.\0009\000\040\000l\000i\000n\000k\000\050\000\051}{subsection.8.2.3}% 83
\BOOKMARK [3][-]{subsubsection.8.2.3.10}{\376\377\0008\000.\0002\000.\0003\000.\0001\0000\000\040\000l\000i\000n\000k\000e\000d\000\050\000\051}{subsection.8.2.3}% 84
\BOOKMARK [3][-]{subsubsection.8.2.3.11}{\376\377\0008\000.\0002\000.\0003\000.\0001\0001\000\040\000o\000p\000e\000r\000a\000t\000o\000r\000=\000\050\000\051\000\040\000[\0001\000/\0002\000]}{subsection.8.2.3}% 85
\BOOKMARK [3][-]{subsubsection.8.2.3.12}{\376\377\0008\000.\0002\000.\0003\000.\0001\0002\000\040\000o\000p\000e\000r\000a\000t\000o\000r\000=\000\050\000\051\000\040\000[\0002\000/\0002\000]}{subsection.8.2.3}% 86
\BOOKMARK [3][-]{subsubsection.8.2.3.13}{\376\377\0008\000.\0002\000.\0003\000.\0001\0003\000\040\000r\000e\000s\000e\000t\000\050\000\051}{subsection.8.2.3}% 87
\BOOKMARK [3][-]{subsubsection.8.2.3.14}{\376\377\0008\000.\0002\000.\0003\000.\0001\0004\000\040\000u\000n\000b\000i\000n\000d\000\050\000\051}{subsection.8.2.3}% 88
\BOOKMARK [2][-]{subsection.8.2.4}{\376\377\0008\000.\0002\000.\0004\000\040\000F\000i\000e\000l\000d\000\040\000D\000o\000c\000u\000m\000e\000n\000t\000a\000t\000i\000o\000n}{section.8.2}% 89
\BOOKMARK [3][-]{subsubsection.8.2.4.1}{\376\377\0008\000.\0002\000.\0004\000.\0001\000\040\000\137\000i\000d}{subsection.8.2.4}% 90
\BOOKMARK [3][-]{subsubsection.8.2.4.2}{\376\377\0008\000.\0002\000.\0004\000.\0002\000\040\000\137\000l\000i\000n\000k\000e\000d}{subsection.8.2.4}% 91
\BOOKMARK [1][-]{section.8.3}{\376\377\0008\000.\0003\000\040\000e\000g\000l\000:\000:\000P\000r\000o\000g\000r\000a\000m\000L\000i\000n\000k\000E\000r\000r\000o\000r\000\040\000C\000l\000a\000s\000s\000\040\000R\000e\000f\000e\000r\000e\000n\000c\000e}{chapter.8}% 92
\BOOKMARK [2][-]{subsection.8.3.1}{\376\377\0008\000.\0003\000.\0001\000\040\000D\000e\000t\000a\000i\000l\000e\000d\000\040\000D\000e\000s\000c\000r\000i\000p\000t\000i\000o\000n}{section.8.3}% 93
\BOOKMARK [2][-]{subsection.8.3.2}{\376\377\0008\000.\0003\000.\0002\000\040\000C\000o\000n\000s\000t\000r\000u\000c\000t\000o\000r\000\040\000\046\000\040\000D\000e\000s\000t\000r\000u\000c\000t\000o\000r\000\040\000D\000o\000c\000u\000m\000e\000n\000t\000a\000t\000i\000o\000n}{section.8.3}% 94
\BOOKMARK [3][-]{subsubsection.8.3.2.1}{\376\377\0008\000.\0003\000.\0002\000.\0001\000\040\000P\000r\000o\000g\000r\000a\000m\000L\000i\000n\000k\000E\000r\000r\000o\000r\000\050\000\051}{subsection.8.3.2}% 95
\BOOKMARK [1][-]{section.8.4}{\376\377\0008\000.\0004\000\040\000e\000g\000l\000:\000:\000P\000r\000o\000g\000r\000a\000m\000V\000a\000l\000i\000d\000a\000t\000e\000E\000r\000r\000o\000r\000\040\000C\000l\000a\000s\000s\000\040\000R\000e\000f\000e\000r\000e\000n\000c\000e}{chapter.8}% 96
\BOOKMARK [2][-]{subsection.8.4.1}{\376\377\0008\000.\0004\000.\0001\000\040\000D\000e\000t\000a\000i\000l\000e\000d\000\040\000D\000e\000s\000c\000r\000i\000p\000t\000i\000o\000n}{section.8.4}% 97
\BOOKMARK [2][-]{subsection.8.4.2}{\376\377\0008\000.\0004\000.\0002\000\040\000C\000o\000n\000s\000t\000r\000u\000c\000t\000o\000r\000\040\000\046\000\040\000D\000e\000s\000t\000r\000u\000c\000t\000o\000r\000\040\000D\000o\000c\000u\000m\000e\000n\000t\000a\000t\000i\000o\000n}{section.8.4}% 98
\BOOKMARK [3][-]{subsubsection.8.4.2.1}{\376\377\0008\000.\0004\000.\0002\000.\0001\000\040\000P\000r\000o\000g\000r\000a\000m\000V\000a\000l\000i\000d\000a\000t\000e\000E\000r\000r\000o\000r\000\050\000\051}{subsection.8.4.2}% 99
\BOOKMARK [1][-]{section.8.5}{\376\377\0008\000.\0005\000\040\000e\000g\000l\000:\000:\000S\000h\000a\000d\000e\000r\000\040\000C\000l\000a\000s\000s\000\040\000R\000e\000f\000e\000r\000e\000n\000c\000e}{chapter.8}% 100
\BOOKMARK [2][-]{subsection.8.5.1}{\376\377\0008\000.\0005\000.\0001\000\040\000D\000e\000t\000a\000i\000l\000e\000d\000\040\000D\000e\000s\000c\000r\000i\000p\000t\000i\000o\000n}{section.8.5}% 101
\BOOKMARK [2][-]{subsection.8.5.2}{\376\377\0008\000.\0005\000.\0002\000\040\000C\000o\000n\000s\000t\000r\000u\000c\000t\000o\000r\000\040\000\046\000\040\000D\000e\000s\000t\000r\000u\000c\000t\000o\000r\000\040\000D\000o\000c\000u\000m\000e\000n\000t\000a\000t\000i\000o\000n}{section.8.5}% 102
\BOOKMARK [3][-]{subsubsection.8.5.2.1}{\376\377\0008\000.\0005\000.\0002\000.\0001\000\040\000S\000h\000a\000d\000e\000r\000\050\000\051\000\040\000[\0001\000/\0007\000]}{subsection.8.5.2}% 103
\BOOKMARK [3][-]{subsubsection.8.5.2.2}{\376\377\0008\000.\0005\000.\0002\000.\0002\000\040\000S\000h\000a\000d\000e\000r\000\050\000\051\000\040\000[\0002\000/\0007\000]}{subsection.8.5.2}% 104
\BOOKMARK [3][-]{subsubsection.8.5.2.3}{\376\377\0008\000.\0005\000.\0002\000.\0003\000\040\000S\000h\000a\000d\000e\000r\000\050\000\051\000\040\000[\0003\000/\0007\000]}{subsection.8.5.2}% 105
\BOOKMARK [3][-]{subsubsection.8.5.2.4}{\376\377\0008\000.\0005\000.\0002\000.\0004\000\040\000S\000h\000a\000d\000e\000r\000\050\000\051\000\040\000[\0004\000/\0007\000]}{subsection.8.5.2}% 106
\BOOKMARK [3][-]{subsubsection.8.5.2.5}{\376\377\0008\000.\0005\000.\0002\000.\0005\000\040\000S\000h\000a\000d\000e\000r\000\050\000\051\000\040\000[\0005\000/\0007\000]}{subsection.8.5.2}% 107
\BOOKMARK [3][-]{subsubsection.8.5.2.6}{\376\377\0008\000.\0005\000.\0002\000.\0006\000\040\000S\000h\000a\000d\000e\000r\000\050\000\051\000\040\000[\0006\000/\0007\000]}{subsection.8.5.2}% 108
\BOOKMARK [3][-]{subsubsection.8.5.2.7}{\376\377\0008\000.\0005\000.\0002\000.\0007\000\040\000S\000h\000a\000d\000e\000r\000\050\000\051\000\040\000[\0007\000/\0007\000]}{subsection.8.5.2}% 109
\BOOKMARK [3][-]{subsubsection.8.5.2.8}{\376\377\0008\000.\0005\000.\0002\000.\0008\000\040\000~\000S\000h\000a\000d\000e\000r\000\050\000\051}{subsection.8.5.2}% 110
\BOOKMARK [2][-]{subsection.8.5.3}{\376\377\0008\000.\0005\000.\0003\000\040\000M\000e\000m\000b\000e\000r\000\040\000F\000u\000n\000c\000t\000i\000o\000n\000\040\000D\000o\000c\000u\000m\000e\000n\000t\000a\000t\000i\000o\000n}{section.8.5}% 111
\BOOKMARK [3][-]{subsubsection.8.5.3.1}{\376\377\0008\000.\0005\000.\0003\000.\0001\000\040\000\137\000c\000h\000e\000c\000k\000\050\000\051}{subsection.8.5.3}% 112
\BOOKMARK [3][-]{subsubsection.8.5.3.2}{\376\377\0008\000.\0005\000.\0003\000.\0002\000\040\000\137\000d\000e\000l\000e\000t\000e\000\050\000\051}{subsection.8.5.3}% 113
\BOOKMARK [3][-]{subsubsection.8.5.3.3}{\376\377\0008\000.\0005\000.\0003\000.\0003\000\040\000\137\000e\000n\000s\000u\000r\000e\000\050\000\051}{subsection.8.5.3}% 114
\BOOKMARK [3][-]{subsubsection.8.5.3.4}{\376\377\0008\000.\0005\000.\0003\000.\0004\000\040\000\137\000g\000e\000t\000E\000r\000r\000o\000r\000\050\000\051}{subsection.8.5.3}% 115
\BOOKMARK [3][-]{subsubsection.8.5.3.5}{\376\377\0008\000.\0005\000.\0003\000.\0005\000\040\000c\000o\000m\000p\000i\000l\000e\000\050\000\051\000\040\000[\0001\000/\0003\000]}{subsection.8.5.3}% 116
\BOOKMARK [3][-]{subsubsection.8.5.3.6}{\376\377\0008\000.\0005\000.\0003\000.\0006\000\040\000c\000o\000m\000p\000i\000l\000e\000\050\000\051\000\040\000[\0002\000/\0003\000]}{subsection.8.5.3}% 117
\BOOKMARK [3][-]{subsubsection.8.5.3.7}{\376\377\0008\000.\0005\000.\0003\000.\0007\000\040\000c\000o\000m\000p\000i\000l\000e\000\050\000\051\000\040\000[\0003\000/\0003\000]}{subsection.8.5.3}% 118
\BOOKMARK [3][-]{subsubsection.8.5.3.8}{\376\377\0008\000.\0005\000.\0003\000.\0008\000\040\000c\000o\000m\000p\000i\000l\000e\000d\000\050\000\051}{subsection.8.5.3}% 119
\BOOKMARK [3][-]{subsubsection.8.5.3.9}{\376\377\0008\000.\0005\000.\0003\000.\0009\000\040\000g\000e\000t\000T\000y\000p\000e\000\050\000\051}{subsection.8.5.3}% 120
\BOOKMARK [3][-]{subsubsection.8.5.3.10}{\376\377\0008\000.\0005\000.\0003\000.\0001\0000\000\040\000o\000p\000e\000r\000a\000t\000o\000r\000=\000\050\000\051\000\040\000[\0001\000/\0002\000]}{subsection.8.5.3}% 121
\BOOKMARK [3][-]{subsubsection.8.5.3.11}{\376\377\0008\000.\0005\000.\0003\000.\0001\0001\000\040\000o\000p\000e\000r\000a\000t\000o\000r\000=\000\050\000\051\000\040\000[\0002\000/\0002\000]}{subsection.8.5.3}% 122
\BOOKMARK [3][-]{subsubsection.8.5.3.12}{\376\377\0008\000.\0005\000.\0003\000.\0001\0002\000\040\000r\000e\000s\000e\000t\000\050\000\051}{subsection.8.5.3}% 123
\BOOKMARK [2][-]{subsection.8.5.4}{\376\377\0008\000.\0005\000.\0004\000\040\000F\000i\000e\000l\000d\000\040\000D\000o\000c\000u\000m\000e\000n\000t\000a\000t\000i\000o\000n}{section.8.5}% 124
\BOOKMARK [3][-]{subsubsection.8.5.4.1}{\376\377\0008\000.\0005\000.\0004\000.\0001\000\040\000\137\000c\000o\000m\000p\000i\000l\000e\000d}{subsection.8.5.4}% 125
\BOOKMARK [3][-]{subsubsection.8.5.4.2}{\376\377\0008\000.\0005\000.\0004\000.\0002\000\040\000\137\000i\000d}{subsection.8.5.4}% 126
\BOOKMARK [3][-]{subsubsection.8.5.4.3}{\376\377\0008\000.\0005\000.\0004\000.\0003\000\040\000\137\000t\000y\000p\000e}{subsection.8.5.4}% 127
\BOOKMARK [3][-]{subsubsection.8.5.4.4}{\376\377\0008\000.\0005\000.\0004\000.\0004\000\040\000P\000r\000o\000g\000r\000a\000m}{subsection.8.5.4}% 128
\BOOKMARK [1][-]{section.8.6}{\376\377\0008\000.\0006\000\040\000e\000g\000l\000:\000:\000S\000h\000a\000d\000e\000r\000C\000o\000m\000p\000i\000l\000e\000E\000r\000r\000o\000r\000\040\000C\000l\000a\000s\000s\000\040\000R\000e\000f\000e\000r\000e\000n\000c\000e}{chapter.8}% 129
\BOOKMARK [2][-]{subsection.8.6.1}{\376\377\0008\000.\0006\000.\0001\000\040\000D\000e\000t\000a\000i\000l\000e\000d\000\040\000D\000e\000s\000c\000r\000i\000p\000t\000i\000o\000n}{section.8.6}% 130
\BOOKMARK [2][-]{subsection.8.6.2}{\376\377\0008\000.\0006\000.\0002\000\040\000C\000o\000n\000s\000t\000r\000u\000c\000t\000o\000r\000\040\000\046\000\040\000D\000e\000s\000t\000r\000u\000c\000t\000o\000r\000\040\000D\000o\000c\000u\000m\000e\000n\000t\000a\000t\000i\000o\000n}{section.8.6}% 131
\BOOKMARK [3][-]{subsubsection.8.6.2.1}{\376\377\0008\000.\0006\000.\0002\000.\0001\000\040\000S\000h\000a\000d\000e\000r\000C\000o\000m\000p\000i\000l\000e\000E\000r\000r\000o\000r\000\050\000\051}{subsection.8.6.2}% 132
\BOOKMARK [1][-]{section.8.7}{\376\377\0008\000.\0007\000\040\000e\000g\000l\000:\000:\000V\000e\000r\000t\000e\000x\000B\000u\000f\000f\000e\000r\000\040\000C\000l\000a\000s\000s\000\040\000R\000e\000f\000e\000r\000e\000n\000c\000e}{chapter.8}% 133
\BOOKMARK [0][-]{chapter.9}{\376\377\0009\000\040\000F\000i\000l\000e\000\040\000D\000o\000c\000u\000m\000e\000n\000t\000a\000t\000i\000o\000n}{}% 134
\BOOKMARK [1][-]{section.9.1}{\376\377\0009\000.\0001\000\040\000i\000n\000c\000/\000E\000G\000L\000/\000b\000u\000f\000f\000e\000r\000.\000h\000\040\000F\000i\000l\000e\000\040\000R\000e\000f\000e\000r\000e\000n\000c\000e}{chapter.9}% 135
\BOOKMARK [1][-]{section.9.2}{\376\377\0009\000.\0002\000\040\000b\000u\000f\000f\000e\000r\000.\000h}{chapter.9}% 136
\BOOKMARK [1][-]{section.9.3}{\376\377\0009\000.\0003\000\040\000i\000n\000c\000/\000E\000G\000L\000/\000d\000e\000b\000u\000g\000.\000h\000\040\000F\000i\000l\000e\000\040\000R\000e\000f\000e\000r\000e\000n\000c\000e}{chapter.9}% 137
\BOOKMARK [2][-]{subsection.9.3.1}{\376\377\0009\000.\0003\000.\0001\000\040\000M\000a\000c\000r\000o\000\040\000D\000e\000f\000i\000n\000i\000t\000i\000o\000n\000\040\000D\000o\000c\000u\000m\000e\000n\000t\000a\000t\000i\000o\000n}{section.9.3}% 138
\BOOKMARK [3][-]{subsubsection.9.3.1.1}{\376\377\0009\000.\0003\000.\0001\000.\0001\000\040\000D\000E\000B\000U\000G\000\137\000O\000N\000L\000Y}{subsection.9.3.1}% 139
\BOOKMARK [3][-]{subsubsection.9.3.1.2}{\376\377\0009\000.\0003\000.\0001\000.\0002\000\040\000G\000L\000\137\000C\000A\000L\000L}{subsection.9.3.1}% 140
\BOOKMARK [1][-]{section.9.4}{\376\377\0009\000.\0004\000\040\000d\000e\000b\000u\000g\000.\000h}{chapter.9}% 141
\BOOKMARK [1][-]{section.9.5}{\376\377\0009\000.\0005\000\040\000i\000n\000c\000/\000E\000G\000L\000/\000p\000r\000o\000g\000r\000a\000m\000.\000h\000\040\000F\000i\000l\000e\000\040\000R\000e\000f\000e\000r\000e\000n\000c\000e}{chapter.9}% 142
\BOOKMARK [1][-]{section.9.6}{\376\377\0009\000.\0006\000\040\000p\000r\000o\000g\000r\000a\000m\000.\000h}{chapter.9}% 143
\BOOKMARK [1][-]{section.9.7}{\376\377\0009\000.\0007\000\040\000i\000n\000c\000/\000E\000G\000L\000/\000s\000h\000a\000d\000e\000r\000.\000h\000\040\000F\000i\000l\000e\000\040\000R\000e\000f\000e\000r\000e\000n\000c\000e}{chapter.9}% 144
\BOOKMARK [1][-]{section.9.8}{\376\377\0009\000.\0008\000\040\000s\000h\000a\000d\000e\000r\000.\000h}{chapter.9}% 145
\BOOKMARK [1][-]{section.9.9}{\376\377\0009\000.\0009\000\040\000i\000n\000c\000/\000E\000G\000L\000/\000v\000e\000r\000t\000e\000x\000B\000u\000f\000f\000e\000r\000.\000h\000\040\000F\000i\000l\000e\000\040\000R\000e\000f\000e\000r\000e\000n\000c\000e}{chapter.9}% 146
\BOOKMARK [1][-]{section.9.10}{\376\377\0009\000.\0001\0000\000\040\000v\000e\000r\000t\000e\000x\000B\000u\000f\000f\000e\000r\000.\000h}{chapter.9}% 147
\BOOKMARK [0][-]{section*.38}{\376\377\000I\000n\000d\000e\000x}{}% 148
